SF:lib/utils/number_formater.dart
DA:1,3
DA:2,3
DA:3,3
DA:4,3
DA:6,6
DA:7,6
DA:8,12
DA:11,3
DA:15,2
DA:17,2
LF:10
LH:10
end_of_record
SF:lib/utils/thousand_formater.dart
DA:7,1
DA:12,2
DA:13,1
DA:17,3
DA:20,1
DA:21,3
DA:22,3
DA:27,1
DA:28,2
DA:32,6
DA:34,1
DA:36,1
DA:48,1
DA:53,2
DA:54,1
DA:58,3
DA:61,1
DA:62,2
DA:66,6
DA:68,1
DA:70,1
DA:79,2
DA:80,4
DA:81,2
DA:84,4
DA:89,2
DA:90,6
LF:27
LH:27
end_of_record
SF:lib/utils/top_modal.dart
DA:6,2
DA:18,2
DA:35,2
DA:36,2
DA:40,2
DA:42,2
DA:43,2
DA:44,2
DA:45,2
DA:46,4
DA:49,2
DA:51,2
DA:52,4
DA:53,2
DA:54,2
DA:55,2
DA:56,2
DA:57,4
DA:62,6
LF:19
LH:19
end_of_record
SF:lib/utils/spacers.dart
DA:5,9
DA:6,9
LF:2
LH:2
end_of_record
SF:lib/components/section/tpe_component_section_header.dart
DA:11,1
DA:20,1
DA:22,1
DA:24,1
DA:25,1
DA:26,1
DA:27,1
DA:29,1
DA:30,1
DA:31,2
DA:32,1
DA:33,1
DA:34,1
DA:35,1
DA:36,1
DA:42,1
DA:50,1
DA:51,1
DA:53,1
DA:54,1
DA:55,1
DA:63,1
DA:64,1
DA:70,1
DA:71,2
DA:72,1
DA:73,1
LF:27
LH:27
end_of_record
SF:lib/components/icon/tpe_icon_base.dart
DA:8,4
DA:15,4
DA:17,8
DA:18,1
DA:19,1
DA:20,1
DA:21,1
DA:24,4
DA:26,4
DA:27,4
LF:10
LH:10
end_of_record
SF:lib/components/card/tpe_promo_banner/tpe_component_promo_banner.dart
DA:10,1
DA:18,1
DA:20,1
DA:22,1
DA:24,1
DA:25,1
DA:26,1
DA:29,2
DA:30,1
DA:31,1
DA:32,1
DA:33,2
DA:34,1
DA:35,1
LF:14
LH:14
end_of_record
SF:lib/components/card/tpe_promo_banner/tpe_promo_card.dart
DA:8,1
DA:15,1
DA:17,1
DA:18,1
DA:19,1
DA:23,2
DA:24,1
DA:25,1
DA:26,1
DA:27,1
DA:30,1
DA:32,1
DA:33,1
LF:13
LH:13
end_of_record
SF:lib/components/card/tpe_balance_card/tpe_balance_card.dart
DA:23,1
DA:33,1
DA:35,1
DA:36,2
DA:37,1
DA:38,1
DA:39,1
DA:40,1
DA:42,2
DA:43,1
DA:44,1
DA:45,1
DA:46,1
DA:47,1
DA:76,1
DA:98,1
DA:99,1
DA:105,1
DA:106,2
DA:107,2
DA:111,1
DA:113,1
DA:115,2
DA:116,2
DA:120,1
DA:122,1
DA:124,1
DA:126,1
DA:127,1
DA:128,3
DA:130,2
DA:132,2
DA:133,0
DA:135,1
DA:136,2
DA:143,3
DA:145,2
DA:147,1
DA:149,2
DA:150,3
DA:152,1
DA:157,1
DA:159,1
DA:160,1
DA:161,1
DA:162,2
DA:164,2
DA:167,1
DA:168,1
DA:169,3
DA:171,2
DA:174,3
DA:175,1
DA:177,1
DA:178,2
DA:179,0
DA:181,1
DA:182,1
DA:183,1
DA:188,1
DA:190,2
DA:191,1
DA:193,2
DA:216,1
DA:238,1
DA:239,1
DA:248,1
DA:250,1
DA:251,2
DA:255,2
DA:258,3
DA:261,1
DA:263,2
DA:264,1
DA:267,0
DA:268,0
DA:269,0
DA:270,0
DA:271,0
DA:273,0
DA:278,1
DA:280,1
DA:282,1
DA:283,1
DA:285,1
DA:288,1
DA:294,1
DA:296,1
DA:297,1
DA:298,3
DA:303,1
DA:304,1
DA:305,1
DA:306,2
DA:307,1
DA:309,1
DA:312,1
DA:313,2
DA:315,3
DA:321,1
DA:322,2
DA:323,2
DA:333,1
DA:335,1
DA:341,1
DA:343,1
DA:344,1
DA:345,3
DA:350,1
DA:351,1
DA:352,1
DA:353,2
DA:354,1
DA:356,1
DA:357,0
DA:358,0
DA:360,0
DA:361,0
DA:362,0
DA:363,0
DA:375,1
DA:376,1
DA:377,1
DA:382,1
LF:124
LH:110
end_of_record
SF:lib/components/card/tpe_base_balance_card/tpe_base_balance_card.dart
DA:15,1
DA:28,1
DA:30,1
DA:31,1
DA:32,1
DA:33,1
DA:34,1
DA:35,2
DA:36,1
DA:37,1
DA:38,1
DA:39,1
DA:40,1
DA:41,1
DA:42,1
DA:43,2
DA:44,0
DA:45,1
DA:46,1
DA:54,1
DA:55,1
LF:21
LH:20
end_of_record
SF:lib/foundations/tpe_text_variant.dart
DA:21,15
DA:29,3
DA:31,3
DA:32,6
DA:33,7
DA:35,6
DA:38,3
DA:39,3
DA:40,3
DA:41,6
DA:42,3
DA:44,3
DA:46,3
DA:52,2
DA:54,1
DA:56,1
LF:16
LH:16
end_of_record
SF:lib/components/button/tpe_component_button.dart
DA:19,1
DA:32,3
DA:33,3
DA:34,3
DA:35,1
DA:36,1
DA:37,1
DA:38,2
DA:39,1
DA:46,1
DA:47,1
DA:48,1
DA:55,1
DA:56,1
DA:57,1
DA:64,1
DA:65,1
DA:66,1
DA:73,1
DA:74,1
DA:75,1
DA:82,1
DA:84,1
DA:85,1
DA:86,1
DA:87,3
DA:88,1
DA:89,2
DA:90,1
DA:91,1
DA:92,1
DA:93,2
DA:94,3
DA:96,1
DA:97,1
DA:98,1
DA:99,1
DA:100,1
DA:101,2
DA:103,1
DA:105,1
DA:108,1
DA:109,1
DA:110,1
DA:112,4
DA:114,1
DA:115,1
DA:116,1
DA:117,1
DA:118,1
LF:50
LH:50
end_of_record
SF:lib/components/button/tpe_component_circle_button.dart
DA:18,2
DA:34,2
DA:36,2
DA:38,2
DA:39,2
DA:40,2
DA:41,2
DA:42,2
DA:43,2
DA:45,2
DA:46,1
DA:47,1
DA:48,1
DA:51,2
DA:52,1
DA:53,1
DA:54,1
DA:61,2
DA:63,2
DA:64,6
DA:65,2
DA:66,2
DA:67,2
DA:68,2
DA:69,4
DA:70,2
DA:76,4
DA:77,1
DA:80,1
DA:81,1
DA:82,1
DA:83,1
DA:84,1
DA:86,1
DA:87,2
DA:91,1
DA:92,1
DA:93,2
DA:94,1
DA:95,1
DA:96,2
LF:41
LH:41
end_of_record
SF:lib/components/button/tpe_copy_button.dart
DA:15,1
DA:24,1
DA:26,1
DA:27,0
DA:28,0
DA:29,0
DA:30,0
DA:31,0
DA:32,0
DA:36,1
DA:37,1
DA:38,1
DA:39,1
DA:40,1
DA:41,1
DA:44,1
DA:45,1
DA:46,1
DA:47,1
LF:19
LH:13
end_of_record
SF:lib/components/button/tpe_eye_toggle_button.dart
DA:10,1
DA:17,1
DA:19,1
DA:20,1
DA:21,1
DA:22,1
DA:23,1
LF:7
LH:7
end_of_record
SF:lib/components/button/tpe_navigation_card.dart
DA:12,1
DA:20,1
DA:22,1
DA:25,1
DA:26,1
DA:28,1
DA:29,1
DA:30,1
DA:31,1
DA:36,1
DA:37,2
DA:38,1
DA:40,1
DA:42,1
DA:43,1
DA:44,1
DA:47,2
LF:17
LH:17
end_of_record
SF:lib/components/icon/tpe_balance_indicator.dart
DA:10,13
DA:18,2
DA:20,2
DA:21,2
DA:22,2
DA:23,4
DA:24,2
DA:25,2
DA:26,10
DA:27,2
DA:28,2
DA:29,6
LF:12
LH:12
end_of_record
SF:lib/components/card/tpe_transaction_card/tpe_transaction_item.dart
DA:7,1
DA:25,1
DA:27,1
DA:33,1
DA:39,1
DA:45,1
DA:46,1
DA:47,1
DA:48,2
DA:50,1
DA:51,1
DA:52,1
DA:55,1
DA:56,1
DA:57,2
DA:61,1
DA:62,1
DA:63,1
DA:67,1
DA:68,1
DA:70,2
DA:71,1
DA:73,1
DA:74,2
DA:76,2
DA:83,1
DA:84,1
DA:85,1
DA:87,1
DA:88,1
DA:89,1
DA:90,2
DA:93,1
DA:94,1
DA:95,2
DA:98,1
DA:99,1
DA:100,2
DA:106,0
DA:107,0
LF:40
LH:38
end_of_record
SF:lib/components/header/tpe_header_component.dart
DA:12,1
DA:22,1
DA:24,1
DA:25,1
DA:27,1
DA:30,1
DA:31,1
DA:32,1
DA:33,1
DA:37,1
DA:43,1
DA:44,1
DA:45,1
DA:46,3
DA:54,1
DA:57,1
DA:58,1
DA:59,1
DA:63,1
DA:64,1
DA:71,3
LF:21
LH:21
end_of_record
SF:lib/components/icon/tpe_count_badge_icon.dart
DA:10,1
DA:18,1
DA:20,4
DA:24,1
DA:25,1
DA:26,1
DA:27,1
DA:28,1
DA:30,1
DA:31,2
DA:35,1
DA:36,1
DA:37,2
DA:38,1
DA:39,1
DA:40,2
LF:16
LH:16
end_of_record
SF:lib/components/label/tpe_component_label.dart
DA:13,1
DA:25,1
DA:27,1
DA:28,1
DA:29,1
DA:30,1
DA:31,1
DA:32,1
DA:35,1
DA:36,1
DA:37,1
DA:38,1
DA:39,1
DA:40,1
LF:14
LH:14
end_of_record
SF:lib/components/label/tpe_menu_badge_label.dart
DA:13,1
DA:24,1
DA:26,1
DA:27,1
DA:28,1
DA:29,1
DA:30,1
DA:32,1
DA:33,1
DA:34,1
DA:35,1
DA:36,1
DA:37,1
LF:13
LH:13
end_of_record
SF:lib/components/menu/tpe_component_menu_horizontal.dart
DA:9,1
DA:17,1
DA:19,1
DA:20,1
DA:21,1
DA:24,1
DA:26,1
DA:27,1
DA:29,1
DA:30,1
DA:31,1
DA:34,1
DA:36,1
DA:38,2
DA:41,1
DA:42,1
DA:44,1
DA:45,1
DA:46,1
DA:54,1
DA:55,1
LF:21
LH:21
end_of_record
SF:lib/components/menu/tpe_component_menu_vertical.dart
DA:11,1
DA:20,1
DA:22,1
DA:23,1
DA:25,1
DA:27,1
DA:28,1
DA:29,1
DA:31,1
DA:32,1
DA:34,1
DA:36,1
DA:38,3
DA:40,1
DA:41,1
DA:44,1
DA:49,1
DA:51,1
DA:66,1
DA:68,1
DA:69,1
LF:21
LH:21
end_of_record
